
PLAY [Configure MySQL in Ubuntu] ***********************************************

TASK [Gathering Facts] *********************************************************
ok: [localhost]

TASK [Install MySQL] ***********************************************************
ok: [localhost]

TASK [Update apt package cache] ************************************************
ok: [localhost]

TASK [Install PyMySQL] *********************************************************
ok: [localhost]

TASK [Create a database] *******************************************************
ok: [localhost]

TASK [Create a MySQL user] *****************************************************
ok: [localhost]

TASK [Create MySQL table] ******************************************************
ok: [localhost]

TASK [Create 'people' table] ***************************************************
changed: [localhost]

TASK [Insert data into MySQL table] ********************************************
ok: [localhost]

TASK [Install Apache] **********************************************************
ok: [localhost]

TASK [Start Apache Service] ****************************************************
fatal: [localhost]: FAILED! => {"changed": false, "msg": "Unable to start service apache2: Job for apache2.service failed because the control process exited with error code.\nSee \"systemctl status apache2.service\" and \"journalctl -xeu apache2.service\" for details.\n"}

PLAY RECAP *********************************************************************
localhost                  : ok=10   changed=1    unreachable=0    failed=1    skipped=0    rescued=0    ignored=0   

