
PLAY [Run Docker containers] ***************************************************

TASK [Gathering Facts] *********************************************************
ok: [localhost]

TASK [common : Install required packages] **************************************
ok: [localhost] => (item=['apt-transport-https', 'ca-certificates', 'curl', 'gnupg-agent', 'software-properties-common', 'python3', 'python3-venv', 'python3-pip', 'gnupg', 'lsb-release'])

TASK [common : Update apt packages] ********************************************
ok: [localhost]

TASK [common : Install unzip package] ******************************************
ok: [localhost]

TASK [jenkins : Install Java (Jenkins dependency)] *****************************
ok: [localhost]

TASK [jenkins : Add Jenkins repository key to the system] **********************
ok: [localhost]

TASK [jenkins : Add the Jenkins Repo] ******************************************
changed: [localhost]

TASK [jenkins : Update apt cache with new Jenkins repo] ************************
ok: [localhost]

TASK [jenkins : Install Jenkins] ***********************************************
ok: [localhost]

TASK [jenkins : Ensure Jenkins is started and enabled] *************************
ok: [localhost]

TASK [docker : Docker Installation step starts here !!] ************************
ok: [localhost]

TASK [docker : Add Docker GPG key] *********************************************
ok: [localhost]

TASK [docker : Add Docker repository] ******************************************
ok: [localhost]

TASK [docker : Update apt package cache] ***************************************
ok: [localhost]

TASK [docker : Install Docker CE] **********************************************
ok: [localhost]

TASK [docker : Install Docker Compose] *****************************************
ok: [localhost]

TASK [docker : Ensure Docker service is running] *******************************
ok: [localhost]

PLAY RECAP *********************************************************************
localhost                  : ok=17   changed=1    unreachable=0    failed=0    skipped=0    rescued=0    ignored=0   

