
PLAY [Run Docker containers] ***************************************************

TASK [Gathering Facts] *********************************************************
ok: [localhost]

TASK [Install required packages] ***********************************************
ok: [localhost] => (item=['apt-transport-https', 'ca-certificates', 'curl', 'gnupg-agent', 'software-properties-common', 'python3', 'python3-venv', 'python3-pip', 'curl', 'apt-transport-https', 'curl', 'gnupg', 'lsb-release', 'ca-certificates'])

TASK [Install oci-cli] *********************************************************
changed: [localhost]

TASK [Update apt packages] *****************************************************
ok: [localhost]

TASK [Install Java (Jenkins dependency)] ***************************************
ok: [localhost]

TASK [Add Jenkins repository key to the system] ********************************
ok: [localhost]

TASK [Add the Jenkins Repo] ****************************************************
changed: [localhost]

TASK [Update apt cache with new Jenkins repo] **********************************
ok: [localhost]

TASK [Install Jenkins] *********************************************************
ok: [localhost]

TASK [Ensure Jenkins is started and enabled] ***********************************
ok: [localhost]

TASK [Install unzip package] ***************************************************
ok: [localhost]

TASK [Execute update command] **************************************************
changed: [localhost]

TASK [Update apt package cache] ************************************************
ok: [localhost]

TASK [Docker Installation step starts here !!] *********************************
ok: [localhost]

TASK [Add Docker GPG key] ******************************************************
ok: [localhost]

TASK [Add Docker repository] ***************************************************
ok: [localhost]

TASK [Update apt package cache] ************************************************
ok: [localhost]

TASK [Install Docker CE] *******************************************************
ok: [localhost]

TASK [Install Docker Compose] **************************************************
ok: [localhost]

TASK [Update apt package cache] ************************************************
ok: [localhost]

TASK [Ensure Docker service is running] ****************************************
ok: [localhost]

TASK [Download and add Google Cloud public signing key] ************************
ok: [localhost]

TASK [Run SonarQube container] *************************************************
changed: [localhost]

TASK [Run Grafana container] ***************************************************
changed: [localhost]

PLAY RECAP *********************************************************************
localhost                  : ok=24   changed=5    unreachable=0    failed=0    skipped=0    rescued=0    ignored=0   

