
PLAY [Run Terraform] ***********************************************************

TASK [Gathering Facts] *********************************************************
ok: [localhost]

TASK [Install unzip package via ansible inbuilt cmd] ***************************
ok: [localhost]

TASK [Install unzip package via apt cmd] ***************************************
ok: [localhost]

TASK [Execute update command] **************************************************
changed: [localhost]

TASK [Download Terraform ZIP file as try] **************************************
ok: [localhost]

TASK [Unzip Terraform] *********************************************************
skipping: [localhost]

TASK [Update apt package cache] ************************************************
ok: [localhost]

TASK [Install required packages] ***********************************************
ok: [localhost] => (item=apt-transport-https)
ok: [localhost] => (item=ca-certificates)
ok: [localhost] => (item=curl)
ok: [localhost] => (item=gnupg-agent)
ok: [localhost] => (item=software-properties-common)

TASK [Docker Installation step starts here !!] *********************************
ok: [localhost]

TASK [Add Docker GPG key] ******************************************************
ok: [localhost]

TASK [Add Docker repository] ***************************************************
ok: [localhost]

TASK [Update apt package cache] ************************************************
ok: [localhost]

TASK [Install Docker CE] *******************************************************
ok: [localhost]

TASK [Install Docker Compose] **************************************************
ok: [localhost]

TASK [the mysql installation strts here !!] ************************************
ok: [localhost] => (item=mysql-server)
ok: [localhost] => (item=mysql-client)
ok: [localhost] => (item=pip)

TASK [Update apt package cache] ************************************************
ok: [localhost]

TASK [Install PyMySQL] *********************************************************
ok: [localhost]

TASK [Create a database] *******************************************************
ok: [localhost]

TASK [Create a MySQL user] *****************************************************
ok: [localhost]

TASK [Create MySQL database] ***************************************************
ok: [localhost]

PLAY RECAP *********************************************************************
localhost                  : ok=19   changed=1    unreachable=0    failed=0    skipped=1    rescued=0    ignored=0   

